<?xml version="1.0" encoding="UTF-8"?>
<testsuite name="com.mudrita.cmpe277.heartratemonitor.ExampleUnitTest" tests="1" skipped="0" failures="0" errors="0" timestamp="2018-04-13T09:41:40" hostname="Mudritas-MacBook-Pro.local" time="0.001">
  <properties/>
  <testcase name="addition_isCorrect" classname="com.mudrita.cmpe277.heartratemonitor.ExampleUnitTest" time="0.001"/>
  <system-out><![CDATA[]]></system-out>
  <system-err><![CDATA[]]></system-err>
</testsuite>
